SF:lib\persentation\borrowed_tools\bloc\borrowed_tools_event.dart
DA:9,0
DA:18,0
DA:27,0
LF:3
LH:0
end_of_record
SF:lib\persentation\borrowed_tools\bloc\borrowed_tools_state.dart
DA:7,6
DA:10,0
DA:11,0
DA:12,0
DA:15,0
DA:18,0
DA:19,0
LF:7
LH:1
end_of_record
SF:lib\persentation\borrowed_tools\bloc\borrowed_tools_bloc.dart
DA:18,0
DA:19,0
DA:20,0
DA:21,0
DA:26,0
DA:28,0
DA:31,0
DA:33,0
DA:36,0
DA:38,0
DA:39,0
DA:40,0
DA:41,0
DA:42,0
DA:43,0
DA:44,0
DA:45,0
DA:51,0
DA:53,0
DA:54,0
DA:56,0
DA:57,0
DA:58,0
DA:59,0
DA:60,0
DA:63,0
DA:65,0
DA:66,0
DA:67,0
DA:68,0
DA:69,0
DA:70,0
DA:71,0
DA:72,0
DA:73,0
DA:74,0
DA:75,0
DA:82,0
DA:84,0
DA:86,0
DA:87,0
DA:88,0
DA:89,0
DA:90,0
DA:91,0
DA:92,0
LF:46
LH:0
end_of_record
SF:lib\persentation\borrowed_tools\bloc\borrowed_tools_bloc.g.dart
DA:9,0
DA:10,0
DA:11,0
DA:12,0
DA:13,0
DA:17,0
DA:18,0
DA:19,0
LF:8
LH:0
end_of_record
SF:lib\persentation\friends\bloc\friends_event.dart
DA:8,0
LF:1
LH:0
end_of_record
SF:lib\persentation\friends\bloc\friends_state.dart
DA:7,2
DA:10,0
DA:11,0
DA:13,0
DA:16,0
DA:17,0
LF:6
LH:1
end_of_record
SF:lib\persentation\friends\bloc\friends_bloc.dart
DA:13,0
DA:14,0
DA:15,0
DA:17,0
DA:20,0
DA:22,0
DA:25,0
DA:27,0
DA:30,0
DA:31,0
LF:10
LH:0
end_of_record
SF:lib\persentation\friends\bloc\friends_bloc.g.dart
DA:9,0
DA:10,0
DA:11,0
DA:12,0
DA:16,0
DA:17,0
DA:18,0
LF:7
LH:0
end_of_record
SF:lib\router\router.dart
DA:5,6
DA:6,6
DA:7,3
DA:8,3
LF:4
LH:4
end_of_record
SF:lib\persentation\app\view\app.dart
DA:4,1
DA:6,1
DA:13,3
DA:15,1
DA:17,1
DA:19,1
DA:20,1
DA:22,1
DA:23,1
DA:25,1
DA:26,1
DA:30,1
DA:32,2
DA:38,0
DA:42,0
DA:44,0
DA:45,0
DA:46,0
DA:49,0
DA:50,0
DA:52,0
DA:53,0
DA:54,0
DA:55,0
DA:56,0
DA:58,0
LF:26
LH:13
end_of_record
SF:lib\helpers\extension.dart
DA:4,0
DA:9,0
DA:12,0
DA:15,0
DA:16,0
DA:17,0
DA:19,0
DA:24,0
DA:25,0
DA:26,0
DA:29,0
DA:30,0
DA:32,0
DA:37,0
DA:38,0
DA:52,0
DA:53,0
DA:54,0
DA:64,0
DA:70,0
DA:73,0
DA:76,0
DA:77,0
DA:78,0
DA:80,0
DA:85,0
DA:86,0
DA:87,0
DA:90,0
DA:91,0
DA:93,0
DA:98,0
DA:99,0
DA:110,0
LF:34
LH:0
end_of_record
SF:lib\helpers\injection.dart
DA:7,9
DA:10,0
DA:11,0
DA:12,0
DA:13,0
LF:5
LH:1
end_of_record
SF:lib\router\routes.dart
DA:14,9
DA:15,9
DA:31,3
DA:33,9
DA:35,0
DA:38,0
DA:39,0
DA:40,0
DA:41,0
DA:51,0
DA:53,0
DA:55,0
DA:56,0
DA:66,0
DA:68,0
DA:70,0
DA:71,0
DA:82,1
DA:90,0
DA:93,0
DA:95,0
DA:96,0
DA:103,0
DA:107,0
DA:109,0
DA:110,0
LF:26
LH:5
end_of_record
SF:lib\router\routes.g.dart
DA:9,6
DA:10,3
DA:11,3
DA:14,6
DA:15,3
DA:17,3
DA:18,3
DA:21,3
DA:22,3
DA:28,3
DA:31,3
DA:32,3
DA:42,0
DA:46,0
DA:48,0
DA:52,0
DA:54,0
DA:56,0
DA:57,0
DA:59,0
DA:63,0
DA:64,0
DA:65,0
DA:68,0
DA:70,0
DA:71,0
DA:75,0
DA:77,0
DA:79,0
DA:80,0
DA:82,0
DA:86,0
DA:88,0
DA:92,0
DA:94,0
DA:96,0
DA:97,0
DA:99,0
DA:103,0
DA:104,0
DA:107,0
DA:109,0
DA:110,0
DA:114,0
DA:116,0
DA:118,0
DA:119,0
DA:121,0
DA:124,6
DA:130,2
DA:132,6
DA:136,0
DA:138,0
DA:140,0
DA:141,0
DA:143,0
LF:56
LH:15
end_of_record
SF:lib\persentation\borrowed_tools\models\borrowed_tools.dart
DA:11,1
DA:17,0
DA:18,0
DA:20,0
LF:4
LH:1
end_of_record
SF:lib\persentation\borrowed_tools\models\borrowed_tools.g.dart
DA:9,0
DA:10,0
DA:11,0
DA:12,0
DA:13,0
DA:16,0
DA:17,0
DA:18,0
DA:19,0
DA:20,0
LF:10
LH:0
end_of_record
SF:lib\persentation\friends\models\friends.dart
DA:10,1
DA:15,0
DA:17,0
DA:18,0
DA:20,0
DA:22,0
DA:23,0
DA:24,0
DA:25,0
DA:26,0
DA:27,0
LF:11
LH:1
end_of_record
SF:lib\persentation\friends\models\friends.g.dart
DA:9,0
DA:10,0
DA:11,0
DA:14,0
DA:15,0
DA:16,0
LF:6
LH:0
end_of_record
SF:lib\persentation\borrowed_tools\view\borrowed_tools_page.dart
DA:8,1
DA:15,1
DA:17,1
DA:18,1
DA:19,1
DA:20,2
DA:22,1
DA:23,2
DA:26,1
DA:29,1
DA:30,1
DA:31,5
DA:32,1
DA:33,1
DA:41,1
DA:45,1
DA:47,1
DA:48,1
DA:50,1
DA:51,1
DA:56,1
DA:57,1
DA:62,1
DA:63,1
DA:68,1
DA:69,1
LF:26
LH:26
end_of_record
SF:lib\persentation\borrowed_tools\widgets\borrowed_tools_header.dart
DA:4,1
DA:10,1
DA:12,1
DA:13,1
DA:14,1
DA:19,1
DA:20,1
DA:21,1
DA:23,1
DA:24,1
DA:27,1
DA:29,1
DA:30,2
DA:39,1
DA:40,1
DA:42,1
DA:43,1
DA:44,2
DA:50,1
DA:51,15
LF:20
LH:20
end_of_record
SF:lib\persentation\borrowed_tools\widgets\borrowed_tools_users.dart
DA:4,1
DA:8,1
DA:9,3
DA:11,1
DA:13,1
DA:15,1
DA:16,1
DA:17,2
DA:19,1
DA:20,2
DA:23,1
DA:24,1
DA:25,1
DA:26,6
DA:27,1
DA:28,1
DA:29,1
DA:30,1
DA:31,1
DA:33,1
DA:34,7
DA:36,1
DA:37,1
DA:38,1
DA:39,1
DA:40,1
DA:41,4
DA:43,1
DA:44,1
DA:45,2
DA:46,1
DA:48,1
DA:49,3
DA:50,1
DA:51,0
DA:52,0
DA:53,0
DA:54,0
DA:55,0
DA:64,1
LF:40
LH:35
end_of_record
SF:lib\persentation\borrowed_tools\widgets\borrowed_tools_borrow_to.dart
DA:4,1
DA:8,1
DA:10,1
DA:11,1
DA:13,7
DA:14,1
DA:16,1
DA:18,1
DA:19,3
DA:27,1
DA:29,1
DA:30,1
DA:31,2
LF:13
LH:13
end_of_record
SF:lib\persentation\borrowed_tools\widgets\borrowed_tools_form.dart
DA:4,1
DA:7,3
DA:9,1
DA:10,1
DA:18,1
DA:20,2
DA:21,1
DA:24,1
DA:26,2
DA:27,1
DA:30,1
DA:32,1
DA:33,1
DA:34,4
DA:35,1
DA:36,6
DA:37,3
DA:38,1
DA:39,1
DA:40,1
DA:41,1
DA:42,1
DA:43,1
DA:45,1
DA:47,1
DA:58,1
DA:59,0
DA:60,0
DA:63,0
DA:64,0
DA:65,0
DA:66,0
DA:67,0
DA:71,0
DA:72,0
DA:74,0
DA:75,0
DA:76,0
DA:77,0
DA:80,1
DA:84,1
DA:93,1
DA:95,0
DA:96,0
DA:97,0
DA:99,0
DA:100,0
DA:108,1
DA:111,1
DA:112,1
DA:113,2
DA:115,2
DA:139,0
DA:140,0
DA:141,0
DA:142,0
DA:145,0
DA:149,0
DA:150,0
DA:151,0
DA:152,0
DA:153,0
DA:154,0
DA:155,0
DA:156,0
DA:162,0
DA:163,0
DA:166,0
DA:167,0
DA:168,0
DA:171,0
DA:172,0
DA:175,0
DA:176,0
DA:177,0
DA:181,0
DA:182,0
DA:183,0
DA:185,0
DA:188,0
DA:190,0
DA:191,0
DA:192,0
DA:193,0
DA:200,0
DA:201,0
DA:202,0
DA:203,0
DA:204,0
DA:205,0
DA:206,0
DA:212,0
DA:213,0
DA:216,0
DA:217,0
DA:218,0
DA:221,0
DA:222,0
DA:225,0
DA:226,0
DA:227,0
DA:234,0
DA:235,0
DA:238,0
DA:239,0
DA:240,0
DA:245,0
DA:246,0
DA:248,0
DA:249,0
DA:250,0
DA:251,0
LF:112
LH:34
end_of_record
SF:lib\persentation\tools\models\tools.dart
DA:11,2
DA:17,0
DA:19,0
DA:21,4
DA:23,6
DA:24,2
DA:28,2
DA:30,2
DA:31,2
DA:32,2
DA:36,2
DA:37,2
DA:38,2
DA:42,2
DA:46,2
LF:15
LH:13
end_of_record
SF:lib\persentation\tools\models\tools.g.dart
DA:9,0
DA:10,0
DA:11,0
DA:12,0
DA:15,0
DA:16,0
DA:17,0
DA:18,0
LF:8
LH:0
end_of_record
SF:lib\persentation\friend_loan\view\friend_loan_page.dart
DA:4,0
DA:11,0
DA:13,0
DA:14,0
DA:15,0
DA:16,0
DA:17,0
DA:18,0
DA:19,0
DA:20,0
DA:21,0
DA:24,0
DA:25,0
DA:28,0
DA:30,0
DA:39,0
DA:46,0
DA:48,0
DA:49,0
DA:50,0
DA:51,0
DA:52,0
DA:53,0
DA:58,0
DA:59,0
DA:60,0
DA:61,0
DA:62,0
DA:63,0
DA:64,0
DA:65,0
DA:66,0
DA:70,0
DA:71,0
DA:73,0
DA:74,0
DA:75,0
DA:76,0
DA:77,0
DA:78,0
DA:79,0
DA:88,0
DA:91,0
LF:43
LH:0
end_of_record
SF:lib\persentation\friends\view\friends_page.dart
DA:4,3
DA:6,0
DA:8,0
DA:9,0
DA:15,3
DA:17,0
DA:19,0
DA:20,0
DA:21,0
DA:22,0
DA:23,0
DA:25,0
DA:36,0
DA:37,0
DA:39,0
DA:40,0
DA:41,0
DA:42,0
DA:43,0
DA:45,0
DA:49,0
DA:51,0
LF:22
LH:2
end_of_record
SF:lib\persentation\splash\view\splash_page.dart
DA:4,3
DA:6,1
DA:13,3
DA:15,1
DA:17,1
DA:18,1
DA:21,1
DA:22,1
DA:23,1
DA:24,2
DA:31,1
DA:32,0
DA:33,0
DA:34,0
DA:35,0
DA:38,1
DA:39,1
DA:40,1
LF:18
LH:14
end_of_record
SF:lib\persentation\tools\bloc\tools_state.dart
DA:6,1
DA:10,0
DA:11,0
LF:3
LH:1
end_of_record
SF:lib\persentation\tools\bloc\tools_bloc.dart
DA:14,1
DA:15,1
DA:16,2
LF:3
LH:3
end_of_record
SF:lib\persentation\tools\view\tools_page.dart
DA:4,4
DA:6,1
DA:8,1
DA:9,1
DA:10,1
DA:11,1
DA:12,2
DA:15,1
DA:16,2
DA:25,3
DA:27,1
DA:29,1
DA:30,1
DA:31,1
DA:32,1
DA:33,1
DA:35,1
DA:46,1
DA:47,1
DA:48,1
DA:49,3
DA:51,2
LF:22
LH:22
end_of_record
SF:lib\persentation\tools\widgets\tool_card.dart
DA:4,1
DA:8,1
DA:10,1
DA:11,1
DA:12,1
DA:13,1
DA:14,1
DA:15,1
DA:16,1
DA:18,1
DA:19,1
DA:24,1
DA:25,1
DA:26,1
DA:27,1
DA:28,1
DA:30,5
DA:35,1
DA:36,2
DA:38,3
DA:45,1
DA:47,1
DA:48,1
DA:49,1
DA:51,1
DA:52,1
DA:54,1
DA:56,1
DA:57,2
DA:66,1
DA:67,1
DA:69,1
DA:70,1
DA:71,2
DA:80,1
DA:82,1
DA:83,1
DA:84,2
DA:86,0
DA:87,0
DA:88,0
DA:112,1
DA:117,1
DA:119,1
DA:120,1
DA:121,1
DA:122,1
DA:124,1
DA:125,1
DA:127,2
LF:50
LH:47
end_of_record
